<?xml version="1.0" encoding="UTF-8"?>
<!-- Generated by org.testng.reporters.JUnitReportReporter -->
<testsuite hostname="MBP-C02F5ASXMD6M" failures="0" tests="1" name="org.example.JSONSchemaValidator" time="4.349" errors="0" timestamp="2023-01-06T17:19:40 IST" skipped="0">
  <testcase classname="org.example.JSONSchemaValidator" name="testGet" time="4.349"/>
  <system-out/>
</testsuite> <!-- org.example.JSONSchemaValidator -->
